
===========================================================================
Model "unoboard_blue" exists. Name "unoboard_blue_1" used instead.
===========================================================================

===========================================================================
Model "47uf_CAP_Dcase" exists. Name "47uf_CAP_Dcase_1" used instead.
===========================================================================

===========================================================================
Model "USB_SHELL" exists. Name "USB_SHELL_1" used instead.
===========================================================================

===========================================================================
Model "USB_core" exists. Name "USB_core_1" used instead.
===========================================================================

===========================================================================
Model "usb_top_contact" exists. Name "usb_top_contact_1" used instead.
===========================================================================

===========================================================================
Model "usb_btm_contact" exists. Name "usb_btm_contact_1" used instead.
===========================================================================

===========================================================================
Model "USB_type_b_SLDPRT" exists. Name "USB_type_b_SLDPRT_1" used instead.
===========================================================================

===========================================================================
Model "power_jack" exists. Name "power_jack_1" used instead.
===========================================================================

===========================================================================
Model "crystal" exists. Name "crystal_1" used instead.
===========================================================================

===========================================================================
Model "2pin_header__02" exists. Name "2pin_header__02_1" used instead.
===========================================================================

===========================================================================
Model "nano_-_reg" exists. Name "nano_-_reg_1" used instead.
===========================================================================

===========================================================================
Model "led" exists. Name "led_1" used instead.
===========================================================================

===========================================================================
Model "dip28-40186" exists. Name "dip28-40186_1" used instead.
===========================================================================

===========================================================================
Model "dip_socket_pin" exists. Name "dip_socket_pin_1" used instead.
===========================================================================

===========================================================================
Model "atmega16u2" exists. Name "atmega16u2_1" used instead.
===========================================================================

===========================================================================
Model "dip28-40197" exists. Name "dip28-40197_1" used instead.
===========================================================================

===========================================================================
Model "8_PORT_HEADER" exists. Name "8_PORT_HEADER_1" used instead.
===========================================================================

===========================================================================
Model "6_PORT_HEADER" exists. Name "6_PORT_HEADER_1" used instead.
===========================================================================

===========================================================================
Model "10_PORT_HEADER" exists. Name "10_PORT_HEADER_1" used instead.
===========================================================================

===========================================================================
Model "ATMEL328P" exists. Name "ATMEL328P_1" used instead.
===========================================================================

===========================================================================
Model "102_RESISTOR_PACK" exists. Name "102_RESISTOR_PACK_1" used instead.
===========================================================================

===========================================================================
Model "103_RESISTOR_PACK" exists. Name "103_RESISTOR_PACK_1" used instead.
===========================================================================

===========================================================================
Model "220_RESISTOR_PACK" exists. Name "220_RESISTOR_PACK_1" used instead.
===========================================================================

===========================================================================
Model "16mhz_crystal_-_measured" exists. Name "16mhz_crystal_-_measured_1" used instead.
===========================================================================

===========================================================================
Model "PADS001" exists. Name "PADS001_1" used instead.
===========================================================================

===========================================================================
Model "603_cap_on_pad" exists. Name "603_cap_on_pad_1" used instead.
===========================================================================

===========================================================================
Model "ssot3" exists. Name "ssot3_1" used instead.
===========================================================================

===========================================================================
Model "mf-msmf050-2" exists. Name "mf-msmf050-2_1" used instead.
===========================================================================

===========================================================================
Model "lmv358" exists. Name "lmv358_1" used instead.
===========================================================================

===========================================================================
Model "lp2985dgkr" exists. Name "lp2985dgkr_1" used instead.
===========================================================================

===========================================================================
Model "cd1206_diode" exists. Name "cd1206_diode_1" used instead.
===========================================================================

===========================================================================
Model "603_resistor" exists. Name "603_resistor_1" used instead.
===========================================================================

===========================================================================
Model "blm21" exists. Name "blm21_1" used instead.
===========================================================================

===========================================================================
Model "m7_diode" exists. Name "m7_diode_1" used instead.
===========================================================================

===========================================================================
Model "MLC0603" exists. Name "MLC0603_1" used instead.
===========================================================================

===========================================================================
Model "RESET_CORE" exists. Name "RESET_CORE_1" used instead.
===========================================================================

===========================================================================
Model "RESET" exists. Name "RESET_1" used instead.
===========================================================================

===========================================================================
Model "RESET_BUTTON" exists. Name "RESET_BUTTON_1" used instead.
===========================================================================

===========================================================================
Model "arduino_uno" exists. Name "arduino_uno_1_2" used instead.
===========================================================================

===========================================================================
Model "LPattern3_6_-59446" exists. Name "LPattern3_6_-59446_1" used instead.
===========================================================================

===========================================================================
Model "LPattern3_3_-59447" exists. Name "LPattern3_3_-59447_1" used instead.
===========================================================================

===========================================================================
Model "LPattern3_6_-59448" exists. Name "LPattern3_6_-59448_1" used instead.
===========================================================================

===========================================================================
Model "Boss-Extrude5-59449" exists. Name "Boss-Extrude5-59449_1" used instead.
===========================================================================

===========================================================================
Model "Fillet3" exists. Name "Fillet3_1" used instead.
===========================================================================

===========================================================================
Model "Fillet6-59451" exists. Name "Fillet6-59451_1" used instead.
===========================================================================

===========================================================================
Model "Fillet2-59482" exists. Name "Fillet2-59482_1" used instead.
===========================================================================

===========================================================================
Model "Fillet4" exists. Name "Fillet4_1" used instead.
===========================================================================

===========================================================================
Model "Boss-Extrude3" exists. Name "Boss-Extrude3_1" used instead.
===========================================================================

===========================================================================
Model "Mirror3" exists. Name "Mirror3_1" used instead.
===========================================================================

===========================================================================
Model "LPattern3_5_-59550" exists. Name "LPattern3_5_-59550_1" used instead.
===========================================================================

===========================================================================
Model "LPattern3_3_-59620" exists. Name "LPattern3_3_-59620_1" used instead.
===========================================================================

===========================================================================
Model "Cut-Extrude7-59640" exists. Name "Cut-Extrude7-59640_1" used instead.
===========================================================================

===========================================================================
Model "Boss-Extrude4-59675" exists. Name "Boss-Extrude4-59675_1" used instead.
===========================================================================

===========================================================================
Model "Fillet1-59743" exists. Name "Fillet1-59743_1" used instead.
===========================================================================

===========================================================================
Model "Boss-Extrude5-59809" exists. Name "Boss-Extrude5-59809_1" used instead.
===========================================================================

===========================================================================
Model "LPattern3_1_-59888" exists. Name "LPattern3_1_-59888_1" used instead.
===========================================================================

===========================================================================
Model "LPattern3_1_-59889" exists. Name "LPattern3_1_-59889_1" used instead.
===========================================================================

===========================================================================
Model "LPattern3_5_-59890" exists. Name "LPattern3_5_-59890_1" used instead.
===========================================================================

===========================================================================
Model "Boss-Extrude1-59891" exists. Name "Boss-Extrude1-59891_1" used instead.
===========================================================================

===========================================================================
Model "Boss-Extrude4-59892" exists. Name "Boss-Extrude4-59892_1" used instead.
===========================================================================

===========================================================================
Model "Fillet2-59894" exists. Name "Fillet2-59894_1" used instead.
===========================================================================

===========================================================================
Model "Fillet5-59895" exists. Name "Fillet5-59895_1" used instead.
===========================================================================

===========================================================================
Model "LPattern3_4_-59897" exists. Name "LPattern3_4_-59897_1" used instead.
===========================================================================

===========================================================================
Model "Boss-Extrude1_1_" exists. Name "Boss-Extrude1_1__1" used instead.
===========================================================================

===========================================================================
Model "Cut-Extrude7-59925" exists. Name "Cut-Extrude7-59925_1" used instead.
===========================================================================

===========================================================================
Model "Cut-Extrude7-60065" exists. Name "Cut-Extrude7-60065_1" used instead.
===========================================================================

===========================================================================
Model "Fillet5-60073" exists. Name "Fillet5-60073_1" used instead.
===========================================================================

===========================================================================
Model "LPattern3_5_-60081" exists. Name "LPattern3_5_-60081_1" used instead.
===========================================================================

===========================================================================
Model "Boss-Extrude5-60095" exists. Name "Boss-Extrude5-60095_1" used instead.
===========================================================================

===========================================================================
Model "LPattern3_6_-60156" exists. Name "LPattern3_6_-60156_1" used instead.
===========================================================================

===========================================================================
Model "LPattern3_3_-60161" exists. Name "LPattern3_3_-60161_1" used instead.
===========================================================================

===========================================================================
Model "Boss-Extrude1-60361" exists. Name "Boss-Extrude1-60361_1" used instead.
===========================================================================

===========================================================================
Model "Boss-Extrude5-60577" exists. Name "Boss-Extrude5-60577_1" used instead.
===========================================================================

===========================================================================
Model "LPattern3_2_-60663" exists. Name "LPattern3_2_-60663_1" used instead.
===========================================================================

===========================================================================
Model "LPattern3_4_-60793" exists. Name "LPattern3_4_-60793_1" used instead.
===========================================================================

===========================================================================
Model "LPattern3_2_-60806" exists. Name "LPattern3_2_-60806_1" used instead.
===========================================================================

===========================================================================
Model "Fillet1-60826" exists. Name "Fillet1-60826_1" used instead.
===========================================================================

===========================================================================
Model "Boss-Extrude5-60832" exists. Name "Boss-Extrude5-60832_1" used instead.
===========================================================================

===========================================================================
Model "Boss-Extrude1_4_" exists. Name "Boss-Extrude1_4__1" used instead.
===========================================================================

===========================================================================
Model "Revolve1" exists. Name "Revolve1_1" used instead.
===========================================================================

===========================================================================
Model "Boss-Extrude1_2_" exists. Name "Boss-Extrude1_2__1" used instead.
===========================================================================

===========================================================================
Model "LPattern3_1_-60905" exists. Name "LPattern3_1_-60905_1" used instead.
===========================================================================

===========================================================================
Model "Fillet2-61048" exists. Name "Fillet2-61048_1" used instead.
===========================================================================

===========================================================================
Model "Fillet1-61060" exists. Name "Fillet1-61060_1" used instead.
===========================================================================

===========================================================================
Model "Boss-Extrude1-61183" exists. Name "Boss-Extrude1-61183_1" used instead.
===========================================================================

===========================================================================
Model "LPattern3_2_-61213" exists. Name "LPattern3_2_-61213_1" used instead.
===========================================================================

===========================================================================
Model "Boss-Extrude1_3_" exists. Name "Boss-Extrude1_3__1" used instead.
===========================================================================

===========================================================================
Model "Boss-Extrude3_2_" exists. Name "Boss-Extrude3_2__1" used instead.
===========================================================================

===========================================================================
Model "LPattern3_4_-61442" exists. Name "LPattern3_4_-61442_1" used instead.
===========================================================================

===========================================================================
Model "Boss-Extrude4-61831" exists. Name "Boss-Extrude4-61831_1" used instead.
===========================================================================

===========================================================================
Model "Cut-Extrude7-173263" exists. Name "Cut-Extrude7-173263_1" used instead.
===========================================================================

===========================================================================
Model "Boss-Extrude7" exists. Name "Boss-Extrude7_1" used instead.
===========================================================================

===========================================================================
Model "Cut-Extrude1_13_" exists. Name "Cut-Extrude1_13__1" used instead.
===========================================================================

===========================================================================
Model "Fillet6-173854" exists. Name "Fillet6-173854_1" used instead.
===========================================================================

===========================================================================
Model "Cut-Extrude1_14_" exists. Name "Cut-Extrude1_14__1" used instead.
===========================================================================

===========================================================================
Model "Cut-Extrude1_11_" exists. Name "Cut-Extrude1_11__1" used instead.
===========================================================================

===========================================================================
Model "Cut-Extrude1_5_" exists. Name "Cut-Extrude1_5__1" used instead.
===========================================================================

===========================================================================
Model "Cut-Extrude1_6_" exists. Name "Cut-Extrude1_6__1" used instead.
===========================================================================

===========================================================================
Model "Cut-Extrude1_12_" exists. Name "Cut-Extrude1_12__1" used instead.
===========================================================================

===========================================================================
Model "Cut-Extrude1_8_" exists. Name "Cut-Extrude1_8__1" used instead.
===========================================================================

===========================================================================
Model "Cut-Extrude1_10_" exists. Name "Cut-Extrude1_10__1" used instead.
===========================================================================

===========================================================================
Model "Fillet5-174692" exists. Name "Fillet5-174692_1" used instead.
===========================================================================

===========================================================================
Model "Cut-Extrude1_9_" exists. Name "Cut-Extrude1_9__1" used instead.
===========================================================================

===========================================================================
Model "Fillet1-175215" exists. Name "Fillet1-175215_1" used instead.
===========================================================================

===========================================================================
Model "Cut-Extrude1_7_" exists. Name "Cut-Extrude1_7__1" used instead.
===========================================================================
